[debug] [2021-02-04T23:19:41.219Z] ----------------------------------------------------------------------
[debug] [2021-02-04T23:19:41.220Z] Command:       /usr/local/bin/firebase /home/owner/.cache/firebase/tools/lib/node_modules/firebase-tools/lib/bin/firebase init hosting:github
[debug] [2021-02-04T23:19:41.220Z] CLI Version:   9.3.0
[debug] [2021-02-04T23:19:41.220Z] Platform:      linux
[debug] [2021-02-04T23:19:41.220Z] Node Version:  v12.18.1
[debug] [2021-02-04T23:19:41.221Z] Time:          Thu Feb 04 2021 15:19:41 GMT-0800 (Pacific Standard Time)
[debug] [2021-02-04T23:19:41.221Z] ----------------------------------------------------------------------
[debug] [2021-02-04T23:19:41.221Z] 
[debug] [2021-02-04T23:19:41.224Z] > command requires scopes: ["email","openid","https://www.googleapis.com/auth/cloudplatformprojects.readonly","https://www.googleapis.com/auth/firebase","https://www.googleapis.com/auth/cloud-platform"]
[debug] [2021-02-04T23:19:41.224Z] > authorizing via signed-in user
[info] 
     ######## #### ########  ######## ########     ###     ######  ########
     ##        ##  ##     ## ##       ##     ##  ##   ##  ##       ##
     ######    ##  ########  ######   ########  #########  ######  ######
     ##        ##  ##    ##  ##       ##     ## ##     ##       ## ##
     ##       #### ##     ## ######## ########  ##     ##  ######  ########

You're about to initialize a Firebase project in this directory:

  /home/owner/dojo/js/props/resume/resume

Before we get started, keep in mind:

  * You are initializing in an existing Firebase project directory

[info] 
=== Project Setup
[info] 
[info] First, let's associate this project directory with a Firebase project.
[info] You can create multiple project aliases by running firebase use --add, 
[info] but for now we'll just set up a default project.
[info] 
[info] i  .firebaserc already has a default project, using resume-portfolio-a167a. 
[debug] [2021-02-04T23:19:41.230Z] >>> [apiv2][query] GET https://firebase.googleapis.com/v1beta1/projects/resume-portfolio-a167a [none]
[debug] [2021-02-04T23:19:41.378Z] <<< [apiv2][status] GET https://firebase.googleapis.com/v1beta1/projects/resume-portfolio-a167a 200
[debug] [2021-02-04T23:19:41.378Z] <<< [apiv2][body] GET https://firebase.googleapis.com/v1beta1/projects/resume-portfolio-a167a {"projectId":"resume-portfolio-a167a","projectNumber":"190253375776","displayName":"resume-portfolio","name":"projects/resume-portfolio-a167a","resources":{"hostingSite":"resume-portfolio-a167a"},"state":"ACTIVE"}
[info] 
=== Hosting:github Setup
[info] 
[info] i  Detected a .git folder at /home/owner/dojo/js/props/resume/resume 
[info] i  Authorizing with GitHub to upload your service account to a GitHub repository's secrets store. 
[info] 
[info] Visit this URL on this device to log in:
[info] https://github.com/login/oauth/authorize?client_id=89cf50f02ac6aaed3484&state=699584845&redirect_uri=http%3A%2F%2Flocalhost%3A9005&scope=read%3Auser%20repo%20public_repo
[info] 
[info] Waiting for authentication...
[debug] [2021-02-04T23:19:42.119Z] >>> HTTP REQUEST POST https://github.com/login/oauth/access_token  
 {"client_id":"89cf50f02ac6aaed3484","client_secret":"3330d14abc895d9a74d5f17cd7a00711fa2c5bf0","code":"d71dca82aa319ab9029d","redirect_uri":"http://localhost:9005","state":"699584845"}
[debug] [2021-02-04T23:19:42.488Z] <<< HTTP RESPONSE 200 {"server":"GitHub.com","date":"Thu, 04 Feb 2021 23:19:42 GMT","content-type":"application/json; charset=utf-8","transfer-encoding":"chunked","vary":"X-PJAX, Accept-Encoding, Accept, X-Requested-With","etag":"W/\"c82014bf3e76ab8095032f47fd2533bb\"","cache-control":"max-age=0, private, must-revalidate","strict-transport-security":"max-age=31536000; includeSubdomains; preload","x-frame-options":"deny","x-content-type-options":"nosniff","x-xss-protection":"1; mode=block","referrer-policy":"origin-when-cross-origin, strict-origin-when-cross-origin","expect-ct":"max-age=2592000, report-uri=\"https://api.github.com/_private/browser/errors\"","content-security-policy":"default-src 'none'; base-uri 'self'; block-all-mixed-content; connect-src 'self' uploads.github.com www.githubstatus.com collector.githubapp.com api.github.com github-cloud.s3.amazonaws.com github-production-repository-file-5c1aeb.s3.amazonaws.com github-production-upload-manifest-file-7fdce7.s3.amazonaws.com github-production-user-asset-6210df.s3.amazonaws.com cdn.optimizely.com logx.optimizely.com/v1/events wss://alive.github.com; font-src github.githubassets.com; form-action 'self' github.com gist.github.com; frame-ancestors 'none'; frame-src render.githubusercontent.com; img-src 'self' data: github.githubassets.com identicons.github.com collector.githubapp.com github-cloud.s3.amazonaws.com *.githubusercontent.com; manifest-src 'self'; media-src 'none'; script-src github.githubassets.com; style-src 'unsafe-inline' github.githubassets.com; worker-src github.com/socket-worker-5029ae85.js gist.github.com/socket-worker-5029ae85.js","x-github-request-id":"E79E:64DF:CDE0A:15F148:601C810E"}
[debug] [2021-02-04T23:19:42.489Z] >>> [apiv2][query] GET https://api.github.com/user [none]
[debug] [2021-02-04T23:19:43.060Z] <<< [apiv2][status] GET https://api.github.com/user 200
[debug] [2021-02-04T23:19:43.060Z] <<< [apiv2][body] GET https://api.github.com/user {"login":"josephlee3454","id":60101803,"node_id":"MDQ6VXNlcjYwMTAxODAz","avatar_url":"https://avatars.githubusercontent.com/u/60101803?v=4","gravatar_id":"","url":"https://api.github.com/users/josephlee3454","html_url":"https://github.com/josephlee3454","followers_url":"https://api.github.com/users/josephlee3454/followers","following_url":"https://api.github.com/users/josephlee3454/following{/other_user}","gists_url":"https://api.github.com/users/josephlee3454/gists{/gist_id}","starred_url":"https://api.github.com/users/josephlee3454/starred{/owner}{/repo}","subscriptions_url":"https://api.github.com/users/josephlee3454/subscriptions","organizations_url":"https://api.github.com/users/josephlee3454/orgs","repos_url":"https://api.github.com/users/josephlee3454/repos","events_url":"https://api.github.com/users/josephlee3454/events{/privacy}","received_events_url":"https://api.github.com/users/josephlee3454/received_events","type":"User","site_admin":false,"name":"Joseph Lee","company":null,"blog":"","location":"seattle","email":null,"hireable":null,"bio":"Former very motivated us marine trying to make a transition into a new tech career.","twitter_username":null,"public_repos":85,"public_gists":1,"followers":6,"following":1,"created_at":"2020-01-20T13:42:34Z","updated_at":"2021-02-04T22:30:19Z","private_gists":0,"total_private_repos":0,"owned_private_repos":0,"disk_usage":68687,"collaborators":0,"two_factor_authentication":false,"plan":{"name":"free","space":976562499,"collaborators":0,"private_repos":10000}}
[info] 
[info] ✔  Success! Logged into GitHub as josephlee3454 
[info] 
